# JRE version: OpenJDK Runtime Environment Temurin-17.0.2+8 (17.0.2+8) (build 17.0.2+8)
# Java VM: OpenJDK 64-Bit Server VM Temurin-17.0.2+8 (17.0.2+8, mixed mode, tiered, compressed oops, compressed class ptrs, parallel gc, windows-amd64)
GC Precious Log:
 CPUs: 2 total, 2 available
 Memory: 10115M
 Large Page Support: Disabled
 NUMA Support: Disabled
 Compressed Oops: Enabled (32-bit)
 Alignments: Space 512K, Generation 512K, Heap 2M
 Heap Min Capacity: 100M
 Heap Initial Capacity: 100M
 Heap Max Capacity: 1G
 Pre-touch: Disabled
 Parallel Workers: 2
Heap:
 PSYoungGen      total 17408K, used 1274K [0x00000000eab00000, 0x00000000ebd80000, 0x0000000100000000)
  eden space 15872K, 0% used [0x00000000eab00000,0x00000000eab00000,0x00000000eba80000)
  from space 1536K, 82% used [0x00000000ebb00000,0x00000000ebc3e900,0x00000000ebc80000)
  to   space 1024K, 0% used [0x00000000ebc80000,0x00000000ebc80000,0x00000000ebd80000)
 ParOldGen       total 196608K, used 195620K [0x00000000c0000000, 0x00000000cc000000, 0x00000000eab00000)
  object space 196608K, 99% used [0x00000000c0000000,0x00000000cbf09328,0x00000000cc000000)
 Metaspace       used 98487K, committed 99584K, reserved 1138688K
  class space    used 9718K, committed 10176K, reserved 1048576K
GC Heap History (20 events):
Event: 6184.412 GC heap after
{Heap after GC invocations=7307 (full 201):
 PSYoungGen      total 14336K, used 1178K [0x00000000eab00000, 0x00000000ebe80000, 0x0000000100000000)
  eden space 12800K, 0% used [0x00000000eab00000,0x00000000eab00000,0x00000000eb780000)
  from space 1536K, 76% used [0x00000000ebd00000,0x00000000ebe26900,0x00000000ebe80000)
  to   space 1536K, 0% used [0x00000000ebb80000,0x00000000ebb80000,0x00000000ebd00000)
 ParOldGen       total 196608K, used 183854K [0x00000000c0000000, 0x00000000cc000000, 0x00000000eab00000)
  object space 196608K, 93% used [0x00000000c0000000,0x00000000cb38bb88,0x00000000cc000000)
 Metaspace       used 98487K, committed 99584K, reserved 1138688K
  class space    used 9718K, committed 10176K, reserved 1048576K
}
Event: 6184.433 GC heap before
{Heap before GC invocations=7308 (full 201):
 PSYoungGen      total 14336K, used 13978K [0x00000000eab00000, 0x00000000ebe80000, 0x0000000100000000)
  eden space 12800K, 100% used [0x00000000eab00000,0x00000000eb780000,0x00000000eb780000)
  from space 1536K, 76% used [0x00000000ebd00000,0x00000000ebe26900,0x00000000ebe80000)
  to   space 1536K, 0% used [0x00000000ebb80000,0x00000000ebb80000,0x00000000ebd00000)
 ParOldGen       total 196608K, used 183854K [0x00000000c0000000, 0x00000000cc000000, 0x00000000eab00000)
  object space 196608K, 93% used [0x00000000c0000000,0x00000000cb38bb88,0x00000000cc000000)
 Metaspace       used 98487K, committed 99584K, reserved 1138688K
  class space    used 9718K, committed 10176K, reserved 1048576K
}
Event: 6184.438 GC heap after
{Heap after GC invocations=7308 (full 201):
 PSYoungGen      total 16384K, used 1274K [0x00000000eab00000, 0x00000000ebd80000, 0x0000000100000000)
  eden space 14848K, 0% used [0x00000000eab00000,0x00000000eab00000,0x00000000eb980000)
  from space 1536K, 82% used [0x00000000ebb80000,0x00000000ebcbe900,0x00000000ebd00000)
  to   space 512K, 0% used [0x00000000ebd00000,0x00000000ebd00000,0x00000000ebd80000)
 ParOldGen       total 196608K, used 184971K [0x00000000c0000000, 0x00000000cc000000, 0x00000000eab00000)
  object space 196608K, 94% used [0x00000000c0000000,0x00000000cb4a2de8,0x00000000cc000000)
 Metaspace       used 98487K, committed 99584K, reserved 1138688K
  class space    used 9718K, committed 10176K, reserved 1048576K
}
Event: 6184.461 GC heap before
{Heap before GC invocations=7309 (full 201):
 PSYoungGen      total 16384K, used 16122K [0x00000000eab00000, 0x00000000ebd80000, 0x0000000100000000)
  eden space 14848K, 100% used [0x00000000eab00000,0x00000000eb980000,0x00000000eb980000)
  from space 1536K, 82% used [0x00000000ebb80000,0x00000000ebcbe900,0x00000000ebd00000)
  to   space 512K, 0% used [0x00000000ebd00000,0x00000000ebd00000,0x00000000ebd80000)
 ParOldGen       total 196608K, used 184971K [0x00000000c0000000, 0x00000000cc000000, 0x00000000eab00000)
  object space 196608K, 94% used [0x00000000c0000000,0x00000000cb4a2de8,0x00000000cc000000)
 Metaspace       used 98487K, committed 99584K, reserved 1138688K
  class space    used 9718K, committed 10176K, reserved 1048576K
}
Event: 6184.464 GC heap after
{Heap after GC invocations=7309 (full 201):
 PSYoungGen      total 15360K, used 496K [0x00000000eab00000, 0x00000000ebe80000, 0x0000000100000000)
  eden space 14848K, 0% used [0x00000000eab00000,0x00000000eab00000,0x00000000eb980000)
  from space 512K, 96% used [0x00000000ebd00000,0x00000000ebd7c010,0x00000000ebd80000)
  to   space 2560K, 0% used [0x00000000eb980000,0x00000000eb980000,0x00000000ebc00000)
 ParOldGen       total 196608K, used 186420K [0x00000000c0000000, 0x00000000cc000000, 0x00000000eab00000)
  object space 196608K, 94% used [0x00000000c0000000,0x00000000cb60d268,0x00000000cc000000)
 Metaspace       used 98487K, committed 99584K, reserved 1138688K
  class space    used 9718K, committed 10176K, reserved 1048576K
}
Event: 6184.489 GC heap before
{Heap before GC invocations=7310 (full 201):
 PSYoungGen      total 15360K, used 15344K [0x00000000eab00000, 0x00000000ebe80000, 0x0000000100000000)
  eden space 14848K, 100% used [0x00000000eab00000,0x00000000eb980000,0x00000000eb980000)
  from space 512K, 96% used [0x00000000ebd00000,0x00000000ebd7c010,0x00000000ebd80000)
  to   space 2560K, 0% used [0x00000000eb980000,0x00000000eb980000,0x00000000ebc00000)
 ParOldGen       total 196608K, used 186420K [0x00000000c0000000, 0x00000000cc000000, 0x00000000eab00000)
  object space 196608K, 94% used [0x00000000c0000000,0x00000000cb60d268,0x00000000cc000000)
 Metaspace       used 98487K, committed 99584K, reserved 1138688K
  class space    used 9718K, committed 10176K, reserved 1048576K
}
Event: 6184.492 GC heap after
{Heap after GC invocations=7310 (full 201):
 PSYoungGen      total 16384K, used 1417K [0x00000000eab00000, 0x00000000ebd80000, 0x0000000100000000)
  eden space 14848K, 0% used [0x00000000eab00000,0x00000000eab00000,0x00000000eb980000)
  from space 1536K, 92% used [0x00000000eb980000,0x00000000ebae2400,0x00000000ebb00000)
  to   space 2048K, 0% used [0x00000000ebb80000,0x00000000ebb80000,0x00000000ebd80000)
 ParOldGen       total 196608K, used 186892K [0x00000000c0000000, 0x00000000cc000000, 0x00000000eab00000)
  object space 196608K, 95% used [0x00000000c0000000,0x00000000cb683288,0x00000000cc000000)
 Metaspace       used 98487K, committed 99584K, reserved 1138688K
  class space    used 9718K, committed 10176K, reserved 1048576K
}
Event: 6184.516 GC heap before
{Heap before GC invocations=7311 (full 201):
 PSYoungGen      total 16384K, used 16265K [0x00000000eab00000, 0x00000000ebd80000, 0x0000000100000000)
  eden space 14848K, 100% used [0x00000000eab00000,0x00000000eb980000,0x00000000eb980000)
  from space 1536K, 92% used [0x00000000eb980000,0x00000000ebae2400,0x00000000ebb00000)
  to   space 2048K, 0% used [0x00000000ebb80000,0x00000000ebb80000,0x00000000ebd80000)
 ParOldGen       total 196608K, used 186892K [0x00000000c0000000, 0x00000000cc000000, 0x00000000eab00000)
  object space 196608K, 95% used [0x00000000c0000000,0x00000000cb683288,0x00000000cc000000)
 Metaspace       used 98487K, committed 99584K, reserved 1138688K
  class space    used 9718K, committed 10176K, reserved 1048576K
}
Event: 6184.520 GC heap after
{Heap after GC invocations=7311 (full 201):
 PSYoungGen      total 16384K, used 1482K [0x00000000eab00000, 0x00000000ebd00000, 0x0000000100000000)
  eden space 14848K, 0% used [0x00000000eab00000,0x00000000eab00000,0x00000000eb980000)
  from space 1536K, 96% used [0x00000000ebb80000,0x00000000ebcf2910,0x00000000ebd00000)
  to   space 1536K, 0% used [0x00000000eb980000,0x00000000eb980000,0x00000000ebb00000)
 ParOldGen       total 196608K, used 188213K [0x00000000c0000000, 0x00000000cc000000, 0x00000000eab00000)
  object space 196608K, 95% used [0x00000000c0000000,0x00000000cb7cd708,0x00000000cc000000)
 Metaspace       used 98487K, committed 99584K, reserved 1138688K
  class space    used 9718K, committed 10176K, reserved 1048576K
}
Event: 6184.546 GC heap before
{Heap before GC invocations=7312 (full 201):
 PSYoungGen      total 16384K, used 16330K [0x00000000eab00000, 0x00000000ebd00000, 0x0000000100000000)
  eden space 14848K, 100% used [0x00000000eab00000,0x00000000eb980000,0x00000000eb980000)
  from space 1536K, 96% used [0x00000000ebb80000,0x00000000ebcf2910,0x00000000ebd00000)
  to   space 1536K, 0% used [0x00000000eb980000,0x00000000eb980000,0x00000000ebb00000)
 ParOldGen       total 196608K, used 188213K [0x00000000c0000000, 0x00000000cc000000, 0x00000000eab00000)
  object space 196608K, 95% used [0x00000000c0000000,0x00000000cb7cd708,0x00000000cc000000)
 Metaspace       used 98487K, committed 99584K, reserved 1138688K
  class space    used 9718K, committed 10176K, reserved 1048576K
}
Event: 6184.551 GC heap after
{Heap after GC invocations=7312 (full 201):
 PSYoungGen      total 16384K, used 1524K [0x00000000eab00000, 0x00000000ec080000, 0x0000000100000000)
  eden space 14848K, 0% used [0x00000000eab00000,0x00000000eab00000,0x00000000eb980000)
  from space 1536K, 99% used [0x00000000eb980000,0x00000000ebafd200,0x00000000ebb00000)
  to   space 3584K, 0% used [0x00000000ebd00000,0x00000000ebd00000,0x00000000ec080000)
 ParOldGen       total 196608K, used 189852K [0x00000000c0000000, 0x00000000cc000000, 0x00000000eab00000)
  object space 196608K, 96% used [0x00000000c0000000,0x00000000cb9671f0,0x00000000cc000000)
 Metaspace       used 98487K, committed 99584K, reserved 1138688K
  class space    used 9718K, committed 10176K, reserved 1048576K
}
Event: 6184.576 GC heap before
{Heap before GC invocations=7313 (full 201):
 PSYoungGen      total 16384K, used 16372K [0x00000000eab00000, 0x00000000ec080000, 0x0000000100000000)
  eden space 14848K, 100% used [0x00000000eab00000,0x00000000eb980000,0x00000000eb980000)
  from space 1536K, 99% used [0x00000000eb980000,0x00000000ebafd200,0x00000000ebb00000)
  to   space 3584K, 0% used [0x00000000ebd00000,0x00000000ebd00000,0x00000000ec080000)
 ParOldGen       total 196608K, used 189852K [0x00000000c0000000, 0x00000000cc000000, 0x00000000eab00000)
  object space 196608K, 96% used [0x00000000c0000000,0x00000000cb9671f0,0x00000000cc000000)
 Metaspace       used 98487K, committed 99584K, reserved 1138688K
  class space    used 9718K, committed 10176K, reserved 1048576K
}
Event: 6184.581 GC heap after
{Heap after GC invocations=7313 (full 201):
 PSYoungGen      total 19456K, used 1652K [0x00000000eab00000, 0x00000000ec100000, 0x0000000100000000)
  eden space 15872K, 0% used [0x00000000eab00000,0x00000000eab00000,0x00000000eba80000)
  from space 3584K, 46% used [0x00000000ebd00000,0x00000000ebe9d200,0x00000000ec080000)
  to   space 2560K, 0% used [0x00000000eba80000,0x00000000eba80000,0x00000000ebd00000)
 ParOldGen       total 196608K, used 191362K [0x00000000c0000000, 0x00000000cc000000, 0x00000000eab00000)
  object space 196608K, 97% used [0x00000000c0000000,0x00000000cbae0bc8,0x00000000cc000000)
 Metaspace       used 98487K, committed 99584K, reserved 1138688K
  class space    used 9718K, committed 10176K, reserved 1048576K
}
Event: 6184.622 GC heap before
{Heap before GC invocations=7314 (full 201):
 PSYoungGen      total 19456K, used 17524K [0x00000000eab00000, 0x00000000ec100000, 0x0000000100000000)
  eden space 15872K, 100% used [0x00000000eab00000,0x00000000eba80000,0x00000000eba80000)
  from space 3584K, 46% used [0x00000000ebd00000,0x00000000ebe9d200,0x00000000ec080000)
  to   space 2560K, 0% used [0x00000000eba80000,0x00000000eba80000,0x00000000ebd00000)
 ParOldGen       total 196608K, used 191362K [0x00000000c0000000, 0x00000000cc000000, 0x00000000eab00000)
  object space 196608K, 97% used [0x00000000c0000000,0x00000000cbae0bc8,0x00000000cc000000)
 Metaspace       used 98487K, committed 99584K, reserved 1138688K
  class space    used 9718K, committed 10176K, reserved 1048576K
}
Event: 6184.626 GC heap after
{Heap after GC invocations=7314 (full 201):
 PSYoungGen      total 17920K, used 1674K [0x00000000eab00000, 0x00000000ebe80000, 0x0000000100000000)
  eden space 15872K, 0% used [0x00000000eab00000,0x00000000eab00000,0x00000000eba80000)
  from space 2048K, 81% used [0x00000000eba80000,0x00000000ebc22910,0x00000000ebc80000)
  to   space 2048K, 0% used [0x00000000ebc80000,0x00000000ebc80000,0x00000000ebe80000)
 ParOldGen       total 196608K, used 192941K [0x00000000c0000000, 0x00000000cc000000, 0x00000000eab00000)
  object space 196608K, 98% used [0x00000000c0000000,0x00000000cbc6b580,0x00000000cc000000)
 Metaspace       used 98487K, committed 99584K, reserved 1138688K
  class space    used 9718K, committed 10176K, reserved 1048576K
}
Event: 6184.650 GC heap before
{Heap before GC invocations=7315 (full 201):
 PSYoungGen      total 17920K, used 17546K [0x00000000eab00000, 0x00000000ebe80000, 0x0000000100000000)
  eden space 15872K, 100% used [0x00000000eab00000,0x00000000eba80000,0x00000000eba80000)
  from space 2048K, 81% used [0x00000000eba80000,0x00000000ebc22910,0x00000000ebc80000)
  to   space 2048K, 0% used [0x00000000ebc80000,0x00000000ebc80000,0x00000000ebe80000)
 ParOldGen       total 196608K, used 192941K [0x00000000c0000000, 0x00000000cc000000, 0x00000000eab00000)
  object space 196608K, 98% used [0x00000000c0000000,0x00000000cbc6b580,0x00000000cc000000)
 Metaspace       used 98487K, committed 99584K, reserved 1138688K
  class space    used 9718K, committed 10176K, reserved 1048576K
}
Event: 6184.655 GC heap after
{Heap after GC invocations=7315 (full 201):
 PSYoungGen      total 17408K, used 1322K [0x00000000eab00000, 0x00000000ebe00000, 0x0000000100000000)
  eden space 15872K, 0% used [0x00000000eab00000,0x00000000eab00000,0x00000000eba80000)
  from space 1536K, 86% used [0x00000000ebc80000,0x00000000ebdca910,0x00000000ebe00000)
  to   space 1536K, 0% used [0x00000000ebb00000,0x00000000ebb00000,0x00000000ebc80000)
 ParOldGen       total 196608K, used 194534K [0x00000000c0000000, 0x00000000cc000000, 0x00000000eab00000)
  object space 196608K, 98% used [0x00000000c0000000,0x00000000cbdf9bf8,0x00000000cc000000)
 Metaspace       used 98487K, committed 99584K, reserved 1138688K
  class space    used 9718K, committed 10176K, reserved 1048576K
}
Event: 6184.769 GC heap before
{Heap before GC invocations=7316 (full 201):
 PSYoungGen      total 17408K, used 17194K [0x00000000eab00000, 0x00000000ebe00000, 0x0000000100000000)
  eden space 15872K, 100% used [0x00000000eab00000,0x00000000eba80000,0x00000000eba80000)
  from space 1536K, 86% used [0x00000000ebc80000,0x00000000ebdca910,0x00000000ebe00000)
  to   space 1536K, 0% used [0x00000000ebb00000,0x00000000ebb00000,0x00000000ebc80000)
 ParOldGen       total 196608K, used 194534K [0x00000000c0000000, 0x00000000cc000000, 0x00000000eab00000)
  object space 196608K, 98% used [0x00000000c0000000,0x00000000cbdf9bf8,0x00000000cc000000)
 Metaspace       used 98487K, committed 99584K, reserved 1138688K
  class space    used 9718K, committed 10176K, reserved 1048576K
}
Event: 6184.772 GC heap after
{Heap after GC invocations=7316 (full 201):
 PSYoungGen      total 17408K, used 1274K [0x00000000eab00000, 0x00000000ebd80000, 0x0000000100000000)
  eden space 15872K, 0% used [0x00000000eab00000,0x00000000eab00000,0x00000000eba80000)
  from space 1536K, 82% used [0x00000000ebb00000,0x00000000ebc3e900,0x00000000ebc80000)
  to   space 1024K, 0% used [0x00000000ebc80000,0x00000000ebc80000,0x00000000ebd80000)
 ParOldGen       total 196608K, used 195620K [0x00000000c0000000, 0x00000000cc000000, 0x00000000eab00000)
  object space 196608K, 99% used [0x00000000c0000000,0x00000000cbf09328,0x00000000cc000000)
 Metaspace       used 98487K, committed 99584K, reserved 1138688K
  class space    used 9718K, committed 10176K, reserved 1048576K
}
Event: 6184.772 GC heap before
{Heap before GC invocations=7317 (full 202):
 PSYoungGen      total 17408K, used 1274K [0x00000000eab00000, 0x00000000ebd80000, 0x0000000100000000)
  eden space 15872K, 0% used [0x00000000eab00000,0x00000000eab00000,0x00000000eba80000)
  from space 1536K, 82% used [0x00000000ebb00000,0x00000000ebc3e900,0x00000000ebc80000)
  to   space 1024K, 0% used [0x00000000ebc80000,0x00000000ebc80000,0x00000000ebd80000)
 ParOldGen       total 196608K, used 195620K [0x00000000c0000000, 0x00000000cc000000, 0x00000000eab00000)
  object space 196608K, 99% used [0x00000000c0000000,0x00000000cbf09328,0x00000000cc000000)
 Metaspace       used 98487K, committed 99584K, reserved 1138688K
  class space    used 9718K, committed 10176K, reserved 1048576K
}

